INFO:assume.world:Connected to the database
INFO:assume.world:Learning Strategies are not available. Check that you have torch installed.
INFO:assume.scenario.loader_csv:Input files path: ./sim/units
INFO:assume.scenario.loader_csv:Study case: Day_Ahead_market
INFO:assume.scenario.loader_csv:Simulation ID: units_Day_Ahead_market
INFO:assume.scenario.loader_csv:storage_units not found. Returning None
INFO:assume.scenario.loader_csv:exchange_units not found. Returning None
INFO:assume.scenario.loader_csv:industrial_dsm_units not found. Returning None
INFO:assume.scenario.loader_csv:residential_dsm_units not found. Returning None
INFO:assume.scenario.loader_csv:forecasts_df not found. Returning None
INFO:assume.scenario.loader_csv:exchanges_df not found. Returning None
INFO:assume.scenario.loader_csv:availability_df not found. Returning None
INFO:assume.scenario.loader_csv:buses not found. Returning None
INFO:assume.scenario.loader_csv:lines not found. Returning None
INFO:assume.scenario.loader_csv:save_frequency_hours is disabled due to CSV export being enabled. Data will be stored in the CSV files at the end of the simulation.
INFO:assume.scenario.loader_csv:Adding markets
INFO:assume.scenario.loader_csv:Read units from file
INFO:assume.scenario.loader_csv:Adding power_plant units
INFO:assume.scenario.loader_csv:Adding demand units
INFO:assume.scenario.loader_csv:Adding unit operators and units
